<?xml version="1.0" encoding="UTF-8" ?>
<testsuite tests="11" failures="0" name="com.pci.mics.commons.util.DateTimeUtilsTest" time="0.084" errors="0" skipped="0">
  <properties>
[...]
</properties>
  <testcase classname="com.pci.mics.commons.util.DateTimeUtilsTest" name="testLocalDateToString" time="0.067"/>
  <testcase classname="com.pci.mics.commons.util.DateTimeUtilsTest" name="testLocalDateTimeExchangeDate" time="0.004"/>
  <testcase classname="com.pci.mics.commons.util.DateTimeUtilsTest" name="testLocalDateTimeExchangeTimestamp" time="0.001"/>
  <testcase classname="com.pci.mics.commons.util.DateTimeUtilsTest" name="isTime" time="0"/>
  <testcase classname="com.pci.mics.commons.util.DateTimeUtilsTest" name="testIs" time="0"/>
  <testcase classname="com.pci.mics.commons.util.DateTimeUtilsTest" name="testPeriodLocalDate" time="0.002"/>
  <testcase classname="com.pci.mics.commons.util.DateTimeUtilsTest" name="testLocalDateTimeToString" time="0.003"/>
  <testcase classname="com.pci.mics.commons.util.DateTimeUtilsTest" name="testStringToLocalDateTime" time="0.006"/>
  <testcase classname="com.pci.mics.commons.util.DateTimeUtilsTest" name="testPeriodLocalDateTime" time="0"/>
  <testcase classname="com.pci.mics.commons.util.DateTimeUtilsTest" name="testShortToLong" time="0"/>
  <testcase classname="com.pci.mics.commons.util.DateTimeUtilsTest" name="testStringToLocalDate" time="0.001"/>
</testsuite>